<?xml version="1.0" encoding="UTF-8"?>
<!-- Generated by org.testng.reporters.JUnitReportReporter -->
<testsuite hostname="Aniket" failures="0" tests="1" name="Steps.simpleProgram" time="0.022" errors="0" timestamp="2023-12-11T09:26:03 IST" skipped="0">
  <testcase classname="Steps.simpleProgram" name="method" time="0.022"/>
  <system-out/>
</testsuite> <!-- Steps.simpleProgram -->
